2025-05-21 21:18:26 - Starting 6G-MATINA Simulator -> 20250521_211825:
2025-05-21 21:18:28 - Total simulation time elapsed with execID -> 20250521_211825 is -> Elapsed time: 0 days, 0 hours, 0 minutes, 2.127 seconds:
2025-05-21 21:18:28 - Completing 6G-MATINA Simulator -> 20250521_211825:
2025-05-21 21:18:28 - ---------------------------------- :
2025-05-21 21:18:28 - ---------------------------------- :
2025-05-21 21:18:28 - ---------------------------------- :
2025-05-21 21:21:21 - Starting 6G-MATINA Simulator -> 20250521_212121:
2025-05-21 21:21:23 - Total simulation time elapsed with execID -> 20250521_212121 is -> Elapsed time: 0 days, 0 hours, 0 minutes, 2.292 seconds:
2025-05-21 21:21:23 - Total simulation memory with execID -> 20250521_212121 is -> 4430.3729:
2025-05-21 21:21:23 - Completing 6G-MATINA Simulator -> 20250521_212121:
2025-05-21 21:21:23 - ---------------------------------- :
2025-05-21 21:21:23 - ---------------------------------- :
2025-05-21 21:21:23 - ---------------------------------- :
2025-05-21 21:22:25 - Starting 6G-MATINA Simulator -> 20250521_212225:
2025-05-21 21:22:27 - Total simulation time elapsed with execID -> 20250521_212225 is -> Elapsed time: 0 days, 0 hours, 0 minutes, 2.228 seconds:
2025-05-21 21:22:27 - Total simulation memory with execID -> 20250521_212225 is -> 4554.3506 MB:
2025-05-21 21:22:27 - Completing 6G-MATINA Simulator -> 20250521_212225:
2025-05-21 21:22:27 - ---------------------------------- :
2025-05-21 21:22:27 - ---------------------------------- :
2025-05-21 21:22:27 - ---------------------------------- :
2025-05-22 14:14:03 - Starting 6G-MATINA Simulator -> 20250522_141403:
2025-05-22 14:14:10 - Total simulation time elapsed with execID -> 20250522_141403 is -> Elapsed time: 0 days, 0 hours, 0 minutes, 6.509 seconds:
2025-05-22 14:14:10 - Total simulation memory with execID -> 20250522_141403 is -> 4158.9432 MB:
2025-05-22 14:14:10 - Completing 6G-MATINA Simulator -> 20250522_141403:
2025-05-22 14:14:10 - ---------------------------------- :
2025-05-22 14:14:10 - ---------------------------------- :
2025-05-22 14:14:10 - ---------------------------------- :
2025-05-22 20:08:03 - Starting 6G-MATINA Simulator -> 20250522_200803:
2025-05-22 20:08:06 - Total simulation time elapsed with execID -> 20250522_200803 is -> Elapsed time: 0 days, 0 hours, 0 minutes, 3.208 seconds:
2025-05-22 20:08:06 - Total simulation memory with execID -> 20250522_200803 is -> 4235.4401 MB:
2025-05-22 20:08:06 - Completing 6G-MATINA Simulator -> 20250522_200803:
2025-05-22 20:08:06 - ---------------------------------- :
2025-05-22 20:08:06 - ---------------------------------- :
2025-05-22 20:08:06 - ---------------------------------- :
